<?xml version="1.0" encoding="UTF-8"?>
<testsuite xmlns:xsi="http://www.w3.org/2001/XMLSchema-instance" xsi:noNamespaceSchemaLocation="https://maven.apache.org/surefire/maven-surefire-plugin/xsd/surefire-test-report.xsd" name="jar.IntegerToRomanTest" time="0.053" tests="16" errors="0" skipped="0" failures="0">
  <properties>
[...]
</properties>
  <testcase name="test_CD" classname="jar.IntegerToRomanTest" time="0.004"/>
  <testcase name="test_CM" classname="jar.IntegerToRomanTest" time="0"/>
  <testcase name="test_IV" classname="jar.IntegerToRomanTest" time="0"/>
  <testcase name="test_IX" classname="jar.IntegerToRomanTest" time="0"/>
  <testcase name="test_XC" classname="jar.IntegerToRomanTest" time="0.001"/>
  <testcase name="test_XL" classname="jar.IntegerToRomanTest" time="0"/>
  <testcase name="test_C" classname="jar.IntegerToRomanTest" time="0.001"/>
  <testcase name="test_D" classname="jar.IntegerToRomanTest" time="0"/>
  <testcase name="test_I" classname="jar.IntegerToRomanTest" time="0.001"/>
  <testcase name="test_L" classname="jar.IntegerToRomanTest" time="0"/>
  <testcase name="test_M" classname="jar.IntegerToRomanTest" time="0.001"/>
  <testcase name="test_V" classname="jar.IntegerToRomanTest" time="0"/>
  <testcase name="test_X" classname="jar.IntegerToRomanTest" time="0.001"/>
  <testcase name="test_negative_num" classname="jar.IntegerToRomanTest" time="0.001"/>
  <testcase name="test_zero_num" classname="jar.IntegerToRomanTest" time="0.001"/>
  <testcase name="test_out_of_range_num" classname="jar.IntegerToRomanTest" time="0"/>
</testsuite>